2019-05-22 17:27:51 - PHP Warning:  fopen(2;/var/tmp/sess_ici4dhqevm5cth316vopk87ia3): failed to open stream: No such file or directory in /home/m/medbellsru/wwwMarket/public_html/system/library/session/file.php on line 39
2019-05-22 17:27:51 - PHP Warning:  flock() expects parameter 1 to be resource, boolean given in /home/m/medbellsru/wwwMarket/public_html/system/library/session/file.php on line 41
2019-05-22 17:27:51 - PHP Warning:  fwrite() expects parameter 1 to be resource, boolean given in /home/m/medbellsru/wwwMarket/public_html/system/library/session/file.php on line 43
2019-05-22 17:27:51 - PHP Warning:  fflush() expects parameter 1 to be resource, boolean given in /home/m/medbellsru/wwwMarket/public_html/system/library/session/file.php on line 45
2019-05-22 17:27:51 - PHP Warning:  flock() expects parameter 1 to be resource, boolean given in /home/m/medbellsru/wwwMarket/public_html/system/library/session/file.php on line 47
2019-05-22 17:27:51 - PHP Warning:  fclose() expects parameter 1 to be resource, boolean given in /home/m/medbellsru/wwwMarket/public_html/system/library/session/file.php on line 49
2019-05-22 17:27:52 - PHP Warning:  fopen(2;/var/tmp/sess_ici4dhqevm5cth316vopk87ia3): failed to open stream: No such file or directory in /home/m/medbellsru/wwwMarket/public_html/system/library/session/file.php on line 39
2019-05-22 17:27:52 - PHP Warning:  flock() expects parameter 1 to be resource, boolean given in /home/m/medbellsru/wwwMarket/public_html/system/library/session/file.php on line 41
2019-05-22 17:27:52 - PHP Warning:  fwrite() expects parameter 1 to be resource, boolean given in /home/m/medbellsru/wwwMarket/public_html/system/library/session/file.php on line 43
2019-05-22 17:27:52 - PHP Warning:  fflush() expects parameter 1 to be resource, boolean given in /home/m/medbellsru/wwwMarket/public_html/system/library/session/file.php on line 45
2019-05-22 17:27:52 - PHP Warning:  flock() expects parameter 1 to be resource, boolean given in /home/m/medbellsru/wwwMarket/public_html/system/library/session/file.php on line 47
2019-05-22 17:27:52 - PHP Warning:  fclose() expects parameter 1 to be resource, boolean given in /home/m/medbellsru/wwwMarket/public_html/system/library/session/file.php on line 49
2019-05-22 17:28:46 - PHP Warning:  fopen(2;/var/tmp/sess_ici4dhqevm5cth316vopk87ia3): failed to open stream: No such file or directory in /home/m/medbellsru/wwwMarket/public_html/system/library/session/file.php on line 39
2019-05-22 17:28:46 - PHP Warning:  flock() expects parameter 1 to be resource, boolean given in /home/m/medbellsru/wwwMarket/public_html/system/library/session/file.php on line 41
2019-05-22 17:28:46 - PHP Warning:  fwrite() expects parameter 1 to be resource, boolean given in /home/m/medbellsru/wwwMarket/public_html/system/library/session/file.php on line 43
2019-05-22 17:28:46 - PHP Warning:  fflush() expects parameter 1 to be resource, boolean given in /home/m/medbellsru/wwwMarket/public_html/system/library/session/file.php on line 45
2019-05-22 17:28:46 - PHP Warning:  flock() expects parameter 1 to be resource, boolean given in /home/m/medbellsru/wwwMarket/public_html/system/library/session/file.php on line 47
2019-05-22 17:28:46 - PHP Warning:  fclose() expects parameter 1 to be resource, boolean given in /home/m/medbellsru/wwwMarket/public_html/system/library/session/file.php on line 49
2019-05-22 17:28:47 - PHP Warning:  fopen(2;/var/tmp/sess_ici4dhqevm5cth316vopk87ia3): failed to open stream: No such file or directory in /home/m/medbellsru/wwwMarket/public_html/system/library/session/file.php on line 39
2019-05-22 17:28:47 - PHP Warning:  flock() expects parameter 1 to be resource, boolean given in /home/m/medbellsru/wwwMarket/public_html/system/library/session/file.php on line 41
2019-05-22 17:28:47 - PHP Warning:  fwrite() expects parameter 1 to be resource, boolean given in /home/m/medbellsru/wwwMarket/public_html/system/library/session/file.php on line 43
2019-05-22 17:28:47 - PHP Warning:  fflush() expects parameter 1 to be resource, boolean given in /home/m/medbellsru/wwwMarket/public_html/system/library/session/file.php on line 45
2019-05-22 17:28:47 - PHP Warning:  flock() expects parameter 1 to be resource, boolean given in /home/m/medbellsru/wwwMarket/public_html/system/library/session/file.php on line 47
2019-05-22 17:28:47 - PHP Warning:  fclose() expects parameter 1 to be resource, boolean given in /home/m/medbellsru/wwwMarket/public_html/system/library/session/file.php on line 49
2019-05-22 17:46:55 - PHP Notice:  Use of undefined constant DIR_TEMPLATE - assumed 'DIR_TEMPLATE' in /home/m/medbellsru/wwwMarket/public_html/system/library/template/php.php on line 11
2019-05-22 17:46:55 - PHP Notice:  Error: Could not load template DIR_TEMPLATEcommon/home.tpl! in /home/m/medbellsru/wwwMarket/public_html/system/library/template/php.php on line 23
2019-05-22 17:46:56 - PHP Notice:  Use of undefined constant DIR_TEMPLATE - assumed 'DIR_TEMPLATE' in /home/m/medbellsru/wwwMarket/public_html/system/library/template/php.php on line 11
2019-05-22 17:46:56 - PHP Notice:  Error: Could not load template DIR_TEMPLATEcommon/home.tpl! in /home/m/medbellsru/wwwMarket/public_html/system/library/template/php.php on line 23
